## ComfyUI-Manager: installing dependencies done.
[2024-07-10 13:58] ** ComfyUI startup time: 2024-07-10 13:58:27.897677
[2024-07-10 13:58] ** Platform: Darwin
[2024-07-10 13:58] ** Python version: 3.11.9 (main, Apr 19 2024, 11:43:47) [Clang 14.0.6 ]
[2024-07-10 13:58] ** Python executable: /Users/sean/miniconda3/envs/comfyui/bin/python
[2024-07-10 13:58] ** ComfyUI Path: /Users/sean/Documents/GitHub/ComfyUI
[2024-07-10 13:58] ** Log path: /Users/sean/Documents/GitHub/ComfyUI/comfyui.log
[2024-07-10 13:58] 
Prestartup times for custom nodes:
[2024-07-10 13:58]    0.0 seconds: /Users/sean/Documents/GitHub/ComfyUI/custom_nodes/rgthree-comfy
[2024-07-10 13:58]    0.5 seconds: /Users/sean/Documents/GitHub/ComfyUI/custom_nodes/ComfyUI-Manager
[2024-07-10 13:58] 
[2024-07-10 13:58] ### Loading: ComfyUI-Manager (V2.46.2)
[2024-07-10 13:58] ### ComfyUI Revision: 2218 [6d7449bf] | Released on '2024-05-29'
[2024-07-10 13:58] [ComfyUI-Manager] default cache updated: https://raw.githubusercontent.com/ltdrdata/ComfyUI-Manager/main/alter-list.json
[2024-07-10 13:58] [ComfyUI-Manager] default cache updated: https://raw.githubusercontent.com/ltdrdata/ComfyUI-Manager/main/custom-node-list.json
[2024-07-10 13:58] [ComfyUI-Manager] default cache updated: https://raw.githubusercontent.com/ltdrdata/ComfyUI-Manager/main/github-stats.json
[2024-07-10 13:58] [ComfyUI-Manager] default cache updated: https://raw.githubusercontent.com/ltdrdata/ComfyUI-Manager/main/extension-node-map.json
[2024-07-10 13:58] [ComfyUI-Manager] default cache updated: https://raw.githubusercontent.com/ltdrdata/ComfyUI-Manager/main/model-list.json
[2024-07-10 13:58] [0;33m[ReActor][0m - [38;5;173mSTATUS[0m - [0;32mRunning v0.5.1-a6 in ComfyUI[0m
[2024-07-10 13:58] Torch version: 2.3.1
[2024-07-10 13:58] (pysssss:WD14Tagger) [DEBUG] Available ORT providers: CoreMLExecutionProvider, AzureExecutionProvider, CPUExecutionProvider
[2024-07-10 13:58] (pysssss:WD14Tagger) [DEBUG] Using ORT providers: CUDAExecutionProvider, CPUExecutionProvider
[2024-07-10 13:58] PATH BASENAME <function basename at 0x1007949a0>
[2024-07-10 13:58] REGISTRY DIR /Users/sean/Documents/GitHub/ComfyUI/output/anynode
[2024-07-10 13:58] ChromaDB Path: /Users/sean/Documents/GitHub/ComfyUI/output/anynode/chroma_db_default, exists: True
[2024-07-10 13:58] [34mWAS Node Suite: [0mOpenCV Python FFMPEG support is enabled[0m
[2024-07-10 13:58] [34mWAS Node Suite [93mWarning: [0m`ffmpeg_bin_path` is not set in `/Users/sean/Documents/GitHub/ComfyUI/custom_nodes/was-node-suite-comfyui/was_suite_config.json` config file. Will attempt to use system ffmpeg binaries if available.[0m
[2024-07-10 13:58] [34mWAS Node Suite: [0mFinished.[0m [32mLoaded[0m [0m217[0m [32mnodes successfully.[0m
[2024-07-10 13:58] 
	[3m[93m"Don't be afraid to give up the good to go for the great."[0m[3m - John D. Rockefeller[0m
[2024-07-10 13:58] 
[2024-07-10 13:58] [34mOpenPose Editor: [92mLoaded[0m
[2024-07-10 13:58] 
[2024-07-10 13:58] [92m[rgthree] Loaded 41 exciting nodes.[0m
[2024-07-10 13:58] [92m[rgthree] Will use rgthree's optimized recursive execution.[0m
[2024-07-10 13:58] 
[2024-07-10 13:58] ### Loading: ComfyUI-Impact-Pack (V5.18.13)
[2024-07-10 13:58] ### Loading: ComfyUI-Impact-Pack (Subpack: V0.6)
[2024-07-10 13:58] [Impact Pack] Wildcards loading done.
[2024-07-10 13:58] ### Loading: ComfyUI-Inspire-Pack (V0.81)
[36;20m[comfyui_controlnet_aux] | INFO -> Using ckpts path: /Users/sean/Documents/GitHub/ComfyUI/custom_nodes/comfyui_controlnet_aux/ckpts[0m
[2024-07-10 13:58] [36;20m[comfyui_controlnet_aux] | INFO -> Using symlinks: False[0m
[2024-07-10 13:58] [36;20m[comfyui_controlnet_aux] | INFO -> Using ort providers: ['CUDAExecutionProvider', 'DirectMLExecutionProvider', 'OpenVINOExecutionProvider', 'ROCMExecutionProvider', 'CPUExecutionProvider', 'CoreMLExecutionProvider'][0m
[2024-07-10 13:58] DWPose: Onnxruntime with acceleration providers detected
[2024-07-10 13:58] Traceback (most recent call last):
  File "/Users/sean/Documents/GitHub/ComfyUI/nodes.py", line 1879, in load_custom_node
    module_spec.loader.exec_module(module)
  File "<frozen importlib._bootstrap_external>", line 940, in exec_module
  File "<frozen importlib._bootstrap>", line 241, in _call_with_frames_removed
  File "/Users/sean/Documents/GitHub/ComfyUI/custom_nodes/ComfyUI-AnimateDiff-Evolved/__init__.py", line 4, in <module>
    from .animatediff.nodes import NODE_CLASS_MAPPINGS, NODE_DISPLAY_NAME_MAPPINGS
  File "/Users/sean/Documents/GitHub/ComfyUI/custom_nodes/ComfyUI-AnimateDiff-Evolved/animatediff/nodes.py", line 22, in <module>
    from .nodes_sample import (FreeInitOptionsNode, NoiseLayerAddWeightedNode, SampleSettingsNode, NoiseLayerAddNode, NoiseLayerReplaceNode, IterationOptionsNode,
  File "/Users/sean/Documents/GitHub/ComfyUI/custom_nodes/ComfyUI-AnimateDiff-Evolved/animatediff/nodes_sample.py", line 5, in <module>
    from comfy.model_patcher import set_model_options_post_cfg_function
ImportError: cannot import name 'set_model_options_post_cfg_function' from 'comfy.model_patcher' (/Users/sean/Documents/GitHub/ComfyUI/comfy/model_patcher.py)

[2024-07-10 13:58] Cannot import /Users/sean/Documents/GitHub/ComfyUI/custom_nodes/ComfyUI-AnimateDiff-Evolved module for custom nodes: cannot import name 'set_model_options_post_cfg_function' from 'comfy.model_patcher' (/Users/sean/Documents/GitHub/ComfyUI/comfy/model_patcher.py)
[2024-07-10 13:58] [34mFizzleDorf Custom Nodes: [92mLoaded[0m
[2024-07-10 13:58] [34mDavemane42 Custom Nodes: [92mLoaded[0m
[2024-07-10 13:58] [36mEfficiency Nodes:[0m Attempting to add Control Net options to the 'HiRes-Fix Script' Node (comfyui_controlnet_aux add-on)...[92mSuccess![0m
[2024-07-10 13:58] Workspace manager - Openning file hash dict
[2024-07-10 13:58] 🦄🦄Loading: Workspace Manager (V2.1.0)
[2024-07-10 13:58] /Users/sean/Documents/GitHub/ComfyUI/custom_nodes/ComfyUI-ArtGallery/../../web/extensions/core/uploadImage.js
[2024-07-10 13:58] File already contains the necessary modifications.✅
[2024-07-10 13:58] File '/Users/sean/Documents/GitHub/ComfyUI/custom_nodes/ComfyUI-ArtGallery/../../folder_paths.py' updated successfully.✅
[2024-07-10 13:58] File already contains the necessary modifications.✅
[2024-07-10 13:58] ------------------------------------------
[2024-07-10 13:58] [34mComfyroll Studio v1.76 : [92m 175 Nodes Loaded[0m
[2024-07-10 13:58] ------------------------------------------
[2024-07-10 13:58] ** For changes, please see patch notes at https://github.com/Suzie1/ComfyUI_Comfyroll_CustomNodes/blob/main/Patch_Notes.md
[2024-07-10 13:58] ** For help, please see the wiki at https://github.com/Suzie1/ComfyUI_Comfyroll_CustomNodes/wiki
[2024-07-10 13:58] ------------------------------------------
[2024-07-10 13:58] [36;20m[comfy_mtb] | INFO -> loaded [96m80[0m nodes successfuly[0m
[2024-07-10 13:58] Loaded Efficiency nodes from /Users/sean/Documents/GitHub/ComfyUI/custom_nodes/efficiency-nodes-comfyui
[2024-07-10 13:58] Loaded ControlNetPreprocessors nodes from /Users/sean/Documents/GitHub/ComfyUI/custom_nodes/comfyui_controlnet_aux
[2024-07-10 13:58] Loaded AdvancedControlNet nodes from /Users/sean/Documents/GitHub/ComfyUI/custom_nodes/ComfyUI-Advanced-ControlNet
[2024-07-10 13:58] Could not find AnimateDiff nodes
[2024-07-10 13:58] Loaded IPAdapter nodes from /Users/sean/Documents/GitHub/ComfyUI/custom_nodes/ComfyUI_IPAdapter_plus
[2024-07-10 13:58] Loaded VideoHelperSuite from /Users/sean/Documents/GitHub/ComfyUI/custom_nodes/ComfyUI-VideoHelperSuite
[2024-07-10 13:58] ### Loading: ComfyUI-Impact-Pack (V5.18.13)
[2024-07-10 13:58] Loaded ImpactPack nodes from /Users/sean/Documents/GitHub/ComfyUI/custom_nodes/ComfyUI-Impact-Pack
[2024-07-10 13:58] [Impact Pack] Wildcards loading done.
[2024-07-10 13:59] FETCH DATA from: /Users/sean/Documents/GitHub/ComfyUI/custom_nodes/ComfyUI-Manager/extension-node-map.json [DONE]
[2024-07-10 13:59] FETCH DATA from: /Users/sean/Documents/GitHub/ComfyUI/custom_nodes/ComfyUI-Manager/extension-node-map.json [DONE]
[2024-07-10 13:59] [32m[rgthree] Using rgthree's optimized recursive execution.[0m
[2024-07-10 13:59] [32m[rgthree][0m First run patching recursive_output_delete_if_changed and recursive_will_execute.[0m
[2024-07-10 13:59] [33m[rgthree] Note: [0mIf execution seems broken due to forward ComfyUI changes, you can disable the optimization from rgthree settings in ComfyUI.[0m
[2024-07-10 14:00] FETCH DATA from: /Users/sean/Documents/GitHub/ComfyUI/custom_nodes/ComfyUI-Manager/.cache/1742899825_extension-node-map.json [DONE]
[2024-07-10 14:00] FETCH DATA from: /Users/sean/Documents/GitHub/ComfyUI/custom_nodes/ComfyUI-Manager/.cache/1514988643_custom-node-list.json [DONE]
[2024-07-10 14:00] FETCH DATA from: /Users/sean/Documents/GitHub/ComfyUI/custom_nodes/ComfyUI-Manager/.cache/746607195_github-stats.json [DONE]
[2024-07-10 14:00] FETCH DATA from: /Users/sean/Documents/GitHub/ComfyUI/custom_nodes/ComfyUI-Manager/.cache/1742899825_extension-node-map.json [DONE]
[2024-07-10 14:00] FETCH DATA from: /Users/sean/Documents/GitHub/ComfyUI/custom_nodes/ComfyUI-Manager/.cache/1514988643_custom-node-list.json [DONE]
[2024-07-10 14:00] FETCH DATA from: /Users/sean/Documents/GitHub/ComfyUI/custom_nodes/ComfyUI-Manager/.cache/746607195_github-stats.json [DONE]
[2024-07-10 14:00] FETCH DATA from: /Users/sean/Documents/GitHub/ComfyUI/custom_nodes/ComfyUI-Manager/.cache/1742899825_extension-node-map.json [DONE]
[2024-07-10 14:00] FETCH DATA from: /Users/sean/Documents/GitHub/ComfyUI/custom_nodes/ComfyUI-Manager/.cache/1742899825_extension-node-map.json [DONE]
[2024-07-10 14:00] FETCH DATA from: /Users/sean/Documents/GitHub/ComfyUI/custom_nodes/ComfyUI-Manager/.cache/1514988643_custom-node-list.json [DONE]
[2024-07-10 14:00] FETCH DATA from: /Users/sean/Documents/GitHub/ComfyUI/custom_nodes/ComfyUI-Manager/.cache/746607195_github-stats.json [DONE]
[2024-07-10 14:00] Start update check...[2KUpdate check done.
[2024-07-10 14:01] 100%|███████████████████████████████████████████████████████████████████████████████████████████████████████████████████████| 40/40 [01:42<00:00,  2.53s/it]100%|███████████████████████████████████████████████████████████████████████████████████████████████████████████████████████| 40/40 [01:42<00:00,  2.57s/it]
[2024-07-10 14:01] Canva size: 1248x1824
[2024-07-10 14:01] Image size: 832x1216
[2024-07-10 14:01] Scale factor: 2
[2024-07-10 14:01] Upscaling iteration 1 with scale factor 2
[2024-07-10 14:01] FETCH DATA from: /Users/sean/Documents/GitHub/ComfyUI/custom_nodes/ComfyUI-Manager/.cache/1742899825_extension-node-map.json [DONE]
[2024-07-10 14:01] FETCH DATA from: /Users/sean/Documents/GitHub/ComfyUI/custom_nodes/ComfyUI-Manager/.cache/1514988643_custom-node-list.json [DONE]
[2024-07-10 14:01] FETCH DATA from: /Users/sean/Documents/GitHub/ComfyUI/custom_nodes/ComfyUI-Manager/.cache/746607195_github-stats.json [DONE]
[2024-07-10 14:01] FETCH DATA from: /Users/sean/Documents/GitHub/ComfyUI/custom_nodes/ComfyUI-Manager/.cache/1742899825_extension-node-map.json [DONE]
[2024-07-10 14:01] Tile size: 1024x1024
[2024-07-10 14:01] Tiles amount: 4
[2024-07-10 14:01] Grid: 2x2
[2024-07-10 14:01] Redraw enabled: True
[2024-07-10 14:01] Seams fix mode: NONE
[2024-07-10 14:02] 100%|███████████████████████████████████████████████████████████████████████████████████████████████████████████████████████| 15/15 [00:43<00:00,  2.81s/it]100%|███████████████████████████████████████████████████████████████████████████████████████████████████████████████████████| 15/15 [00:43<00:00,  2.88s/it]
[2024-07-10 14:02] 
[2024-07-10 14:03] [32m[rgthree] Using rgthree's optimized recursive execution.[0m
[2024-07-10 14:03] 
[2024-07-10 14:04] [32m[rgthree] Using rgthree's optimized recursive execution.[0m
[2024-07-10 14:06] 100%|███████████████████████████████████████████████████████████████████████████████████████████████████████████████████████| 35/35 [01:29<00:00,  2.56s/it]100%|███████████████████████████████████████████████████████████████████████████████████████████████████████████████████████| 35/35 [01:29<00:00,  2.56s/it]
[2024-07-10 14:06] Canva size: 1248x1824
[2024-07-10 14:06] Image size: 832x1216
[2024-07-10 14:06] Scale factor: 2
[2024-07-10 14:06] Upscaling iteration 1 with scale factor 2
[2024-07-10 14:06] Tile size: 1024x1024
[2024-07-10 14:06] Tiles amount: 4
[2024-07-10 14:06] Grid: 2x2
[2024-07-10 14:06] Redraw enabled: True
[2024-07-10 14:06] Seams fix mode: NONE
[2024-07-10 14:07] 100%|███████████████████████████████████████████████████████████████████████████████████████████████████████████████████████| 15/15 [00:45<00:00,  2.88s/it]100%|███████████████████████████████████████████████████████████████████████████████████████████████████████████████████████| 15/15 [00:45<00:00,  3.01s/it]
[2024-07-10 14:08] 100%|███████████████████████████████████████████████████████████████████████████████████████████████████████████████████████| 15/15 [00:47<00:00,  3.35s/it]100%|███████████████████████████████████████████████████████████████████████████████████████████████████████████████████████| 15/15 [00:47<00:00,  3.17s/it]
[2024-07-10 14:09] 100%|███████████████████████████████████████████████████████████████████████████████████████████████████████████████████████| 15/15 [00:46<00:00,  3.16s/it]100%|███████████████████████████████████████████████████████████████████████████████████████████████████████████████████████| 15/15 [00:46<00:00,  3.10s/it]
[2024-07-10 14:09] 100%|███████████████████████████████████████████████████████████████████████████████████████████████████████████████████████| 15/15 [00:47<00:00,  3.20s/it]100%|███████████████████████████████████████████████████████████████████████████████████████████████████████████████████████| 15/15 [00:47<00:00,  3.15s/it]
[2024-07-10 14:10] [34mWAS Node Suite: [0mImage file saved to: /Users/sean/Documents/GitHub/ComfyUI/output/2024-07-10/ComfyUI_0009.png[0m
